
                                      ARENA Simulation Results
                                              SysAdmin

                                  Summary for Replication 1 of 1

Project: Lab 06                                                      Run execution date :12/17/2024
Analyst: Mohammad Abubakar Atiq                                      Model revision date:12/17/2024

Replication ended at time      : 24.0 Hours 
Base Time Units: Hours

                                           TALLY VARIABLES

Identifier                                  Average   Half Width  Minimum    Maximum   Observations
___________________________________________________________________________________________________

Customer.VATime                             .62018     (Insuf)    .00000     1.2403          2    
Customer.NVATime                            .00000     (Insuf)    .00000     .00000          2    
Customer.WaitTime                           1.2368     (Insuf)    .00000     2.4736          2    
Customer.TranTime                           .00000     (Insuf)    .00000     .00000          2    
Customer.OtherTime                          .00000     (Insuf)    .00000     .00000          2    
Customer.TotalTime                          3.7140     (Insuf)    3.7140     3.7140          2    
Distribute funds VIP.Queue.WaitingTime          --         --         --         --          0
Price the loans VIP.Queue.WaitingTime       2.6658     (Insuf)    2.6658     2.6658          1    
Check Credits Regular.Queue.WaitingTime     2.7062     (Insuf)    .00000     6.6300          6    
Preparing Convenants VIP.Queue.WaitingTime  5.2158     (Insuf)    5.2158     5.2158          1    
Price the loans regular.Queue.WaitingTime   3.1415     (Insuf)    .00000     6.3799          4    
Check Credits VIP.Queue.WaitingTime         2.6622     (Insuf)    2.6622     2.6622          1    
Preparing Convenants Regular.Queue.Waiting  1.8880     (Insuf)    .00000     4.0612          4    
Distribute funds Regular.Queue.WaitingTime  2.4736     (Insuf)    2.4736     2.4736          1    

                                     DISCRETE-CHANGE VARIABLES

Identifier                                  Average   Half Width  Minimum    Maximum   Final Value
___________________________________________________________________________________________________

Customer.WIP                                7.8887     (Insuf)    .00000     15.000     15.000    
Resource 1.NumberBusy                       1.0000     (Insuf)    .00000     1.0000     1.0000    
Resource 1.NumberScheduled                  1.0000     (Insuf)    1.0000     1.0000     1.0000    
Resource 1.Utilization                      1.0000     (Insuf)    .00000     1.0000     1.0000    
Distribute funds VIP.Queue.NumberInQueue    .00000     (Insuf)    .00000     .00000     .00000    
Price the loans VIP.Queue.NumberInQueue     .11107     (Insuf)    .00000     1.0000     .00000    
Check Credits Regular.Queue.NumberInQueue   1.9950     (Insuf)    .00000     6.0000     6.0000    
Preparing Convenants VIP.Queue.NumberInQue  .21733     (Insuf)    .00000     1.0000     .00000    
Price the loans regular.Queue.NumberInQueu  .52359     (Insuf)    .00000     3.0000     .00000    
Check Credits VIP.Queue.NumberInQueue       1.1329     (Insuf)    .00000     3.0000     3.0000    
Preparing Convenants Regular.Queue.NumberI  1.3343     (Insuf)    .00000     3.0000     2.0000    
Distribute funds Regular.Queue.NumberInQue  1.5743     (Insuf)    .00000     3.0000     3.0000    

                                             OUTPUTS

Identifier                                   Value
_____________________________________________________________

Customer.NumberIn                           16.000    
Customer.NumberOut                          1.0000    
Resource 1.NumberSeized                     18.000    
Resource 1.ScheduledUtilization             1.0000    
System.NumberOut                            2.0000    


Simulation run time: 0.08 minutes.
Simulation run complete.
