
----------------------------------------------------------------------
11514:EELINK
A warning was generated at simulation time 0.0
while evaluating a status display expression.

Undefined symbol : check credit vip.WIP
Possible cause: A variable or other symbol was used 
                without first being defined.
Possible cause: A statistic was animated, but statistics collection 
                was turned off.
To find the problem, search for the above symbol name using 
Edit-Find from the menu.
----------------------------------------------------------------------



                                      ARENA Simulation Results
                                              SysAdmin

                                  Summary for Replication 1 of 24

Project: Unnamed Project                                             Run execution date :12/17/2024
Analyst: SysAdmin                                                    Model revision date:12/17/2024

Replication ended at time      : 0.0 Hours 
Base Time Units: Hours

                                           TALLY VARIABLES

Identifier                                  Average   Half Width  Minimum    Maximum   Observations
___________________________________________________________________________________________________

customer.VATime                                 --         --         --         --          0
customer.NVATime                                --         --         --         --          0
customer.WaitTime                               --         --         --         --          0
customer.TranTime                               --         --         --         --          0
customer.OtherTime                              --         --         --         --          0
customer.TotalTime                              --         --         --         --          0
check  credit vip.Queue.WaitingTime             --         --         --         --          0
price the loan regular.Queue.WaitingTime        --         --         --         --          0
check credit regular.Queue.WaitingTime          --         --         --         --          0
preparing convent regular.Queue.WaitingTim      --         --         --         --          0
price loan vip.Queue.WaitingTime                --         --         --         --          0
installments of loan vip.Queue.WaitingTime      --         --         --         --          0
installments of loan regular.Queue.Waiting      --         --         --         --          0
preparing convanent vip.Queue.WaitingTime       --         --         --         --          0

                                     DISCRETE-CHANGE VARIABLES

Identifier                                  Average   Half Width  Minimum    Maximum   Final Value
___________________________________________________________________________________________________

customer.WIP                                .00000     (Insuf)    .00000     .00000     .00000    
Resource 1.NumberBusy                       .00000     (Insuf)    .00000     .00000     .00000    
Resource 1.NumberScheduled                  .00000     (Insuf)    1.0000     1.0000     1.0000    
Resource 1.Utilization                      .00000     (Insuf)    .00000     .00000     .00000    
check  credit vip.Queue.NumberInQueue       .00000     (Insuf)    .00000     .00000     .00000    
price the loan regular.Queue.NumberInQueue  .00000     (Insuf)    .00000     .00000     .00000    
check credit regular.Queue.NumberInQueue    .00000     (Insuf)    .00000     .00000     .00000    
preparing convent regular.Queue.NumberInQu  .00000     (Insuf)    .00000     .00000     .00000    
price loan vip.Queue.NumberInQueue          .00000     (Insuf)    .00000     .00000     .00000    
installments of loan vip.Queue.NumberInQue  .00000     (Insuf)    .00000     .00000     .00000    
installments of loan regular.Queue.NumberI  .00000     (Insuf)    .00000     .00000     .00000    
preparing convanent vip.Queue.NumberInQueu  .00000     (Insuf)    .00000     .00000     .00000    

                                             OUTPUTS

Identifier                                   Value
_____________________________________________________________

customer.NumberIn                           .00000    
customer.NumberOut                          .00000    
Resource 1.NumberSeized                     .00000    
Resource 1.ScheduledUtilization             .00000    
System.NumberOut                            .00000    

