
                                      ARENA Simulation Results
                                              SysAdmin

                                  Summary for Replication 1 of 1

Project: Unnamed Project                                             Run execution date :11/12/2024
Analyst: SysAdmin                                                    Model revision date:11/12/2024

Replication ended at time      : 20.0 Minutes 
Base Time Units: Minutes

                                           TALLY VARIABLES

Identifier                                  Average   Half Width  Minimum    Maximum   Observations
___________________________________________________________________________________________________

part.VATime                                 3.4056     (Insuf)    1.7641     4.5167          5    
part.NVATime                                .00000     (Insuf)    .00000     .00000          5    
part.WaitTime                               3.0340     (Insuf)    .00000     8.1598          5    
part.TranTime                               .00000     (Insuf)    .00000     .00000          5    
part.OtherTime                              .00000     (Insuf)    .00000     .00000          5    
part.TotalTime                              6.4396     (Insuf)    2.8955     12.618          5    
Drilling process.Queue.WaitingTime          2.5283     (Insuf)    .00000     8.1598          6    

                                     DISCRETE-CHANGE VARIABLES

Identifier                                  Average   Half Width  Minimum    Maximum   Final Value
___________________________________________________________________________________________________

part.WIP                                    1.7059     (Insuf)    .00000     4.0000     2.0000    
drll machine.NumberBusy                     .91709     (Insuf)    .00000     1.0000     1.0000    
drll machine.NumberScheduled                1.0000     (Insuf)    1.0000     1.0000     1.0000    
drll machine.Utilization                    .91709     (Insuf)    .00000     1.0000     1.0000    
Drilling process.Queue.NumberInQueue        .78890     (Insuf)    .00000     3.0000     1.0000    

                                             OUTPUTS

Identifier                                   Value
_____________________________________________________________

part.NumberIn                               7.0000    
part.NumberOut                              5.0000    
drll machine.NumberSeized                   6.0000    
drll machine.ScheduledUtilization           .91709    
System.NumberOut                            5.0000    


Simulation run time: 0.02 minutes.
Simulation run complete.
