
                                      ARENA Simulation Results
                                   AbuBakarAtiq - License: STUDENT

                                  Summary for Replication 1 of 1

Project: Lab 03 Drilling Machines                                    Run execution date :11/ 3/2024
Analyst: AbuBakarAtiq                                                Model revision date:11/ 3/2024

Replication ended at time      : 20.0 Minutes 
Base Time Units: Minutes

                                           TALLY VARIABLES

Identifier                                  Average   Half Width  Minimum    Maximum   Observations
___________________________________________________________________________________________________

Parts.VATime                                    --         --         --         --          0
Parts.NVATime                                   --         --         --         --          0
Parts.WaitTime                                  --         --         --         --          0
Parts.TranTime                                  --         --         --         --          0
Parts.OtherTime                                 --         --         --         --          0
Parts.TotalTime                                 --         --         --         --          0
Drilling Process.Queue.WaitingTime          2.5283     (Insuf)    .00000     8.1598          6    

                                     DISCRETE-CHANGE VARIABLES

Identifier                                  Average   Half Width  Minimum    Maximum   Final Value
___________________________________________________________________________________________________

Parts.WIP                                   1.7059     (Insuf)    .00000     4.0000     2.0000    
Drill Machine.NumberBusy                    .91709     (Insuf)    .00000     1.0000     1.0000    
Drill Machine.NumberScheduled               1.0000     (Insuf)    1.0000     1.0000     1.0000    
Drill Machine.Utilization                   .91709     (Insuf)    .00000     1.0000     1.0000    
Drilling Process.Queue.NumberInQueue        .78890     (Insuf)    .00000     3.0000     1.0000    

                                             OUTPUTS

Identifier                                   Value
_____________________________________________________________

Parts.NumberIn                              7.0000    
Parts.NumberOut                             5.0000    
Drill Machine.NumberSeized                  6.0000    
Drill Machine.ScheduledUtilization          .91709    
System.NumberOut                            .00000    


Simulation run time: 0.02 minutes.
Simulation run complete.
